<?xml version="1.0" encoding="UTF-8"?>
<testsuite name="agh.ii.prinjava.lab02.exc02_01.impl.LinkedListBasedImplTest" tests="1" skipped="0" failures="0" errors="0" timestamp="2021-10-07T14:24:55" hostname="DESKTOP-DIUJ1PF" time="0.019">
  <properties/>
  <testcase name="newStackIsEmpty()" classname="agh.ii.prinjava.lab02.exc02_01.impl.LinkedListBasedImplTest" time="0.019"/>
  <system-out><![CDATA[Test linkedlist setup
Test linkedlist tearDown
]]></system-out>
  <system-err><![CDATA[]]></system-err>
</testsuite>
